<?xml version="1.0" encoding="UTF-8"?>
<testsuite name="paydi"
           tests="5"
           failures="5"
           errors="0"
           skipped="0"
           time="48.175">
    <properties></properties>

            <testcase
                name="tearDown"
                time="0.009"
                classname="SellPageTest">

            <failure type="org.openqa.selenium.NoSuchSessionException" message="A session is either terminated or not started
Build info: version: &apos;3.141.59&apos;, revision: &apos;e82be7d358&apos;, time: &apos;2018-11-14T08:17:03&apos;
System info: host: &apos;DESKTOP-D91J9RN&apos;, ip: &apos;192.168.1.38&apos;, os.name: &apos;Windows 10&apos;, os.arch: &apos;amd64&apos;, os.version: &apos;10.0&apos;, java.version: &apos;1.8.0_332&apos;
Driver info: io.appium.java_client.AppiumDriver
Capabilities {appActivity: com.paydi.MainActivity, appPackage: com.paydi, databaseEnabled: false, desired: {appActivity: com.paydi.MainActivity, appPackage: com.paydi, deviceName: sdk_gphone_x86, platformName: android, platformVersion: 11, uid: emulator-5554}, deviceApiLevel: 30, deviceManufacturer: Google, deviceModel: sdk_gphone_x86, deviceName: emulator-5554, deviceScreenDensity: 440, deviceScreenSize: 1080x2280, deviceUDID: emulator-5554, javascriptEnabled: true, locationContextEnabled: false, networkConnectionEnabled: true, pixelRatio: 2.75, platform: LINUX, platformName: LINUX, platformVersion: 11, statBarHeight: 135, takesScreenshot: true, uid: emulator-5554, viewportRect: {height: 1842, left: 0, top: 135, width: 1080}, warnings: {}, webStorageEnabled: false}
Session ID: c0953bb1-eaea-496c-a26f-8b24ae998e9a">
                <![CDATA[org.openqa.selenium.NoSuchSessionException: A session is either terminated or not started
Build info: version: '3.141.59', revision: 'e82be7d358', time: '2018-11-14T08:17:03'
System info: host: 'DESKTOP-D91J9RN', ip: '192.168.1.38', os.name: 'Windows 10', os.arch: 'amd64', os.version: '10.0', java.version: '1.8.0_332'
Driver info: io.appium.java_client.AppiumDriver
Capabilities {appActivity: com.paydi.MainActivity, appPackage: com.paydi, databaseEnabled: false, desired: {appActivity: com.paydi.MainActivity, appPackage: com.paydi, deviceName: sdk_gphone_x86, platformName: android, platformVersion: 11, uid: emulator-5554}, deviceApiLevel: 30, deviceManufacturer: Google, deviceModel: sdk_gphone_x86, deviceName: emulator-5554, deviceScreenDensity: 440, deviceScreenSize: 1080x2280, deviceUDID: emulator-5554, javascriptEnabled: true, locationContextEnabled: false, networkConnectionEnabled: true, pixelRatio: 2.75, platform: LINUX, platformName: LINUX, platformVersion: 11, statBarHeight: 135, takesScreenshot: true, uid: emulator-5554, viewportRect: {height: 1842, left: 0, top: 135, width: 1080}, warnings: {}, webStorageEnabled: false}
Session ID: c0953bb1-eaea-496c-a26f-8b24ae998e9a
                sun.reflect.GeneratedConstructorAccessor14.newInstance(Unknown Source)sun.reflect.DelegatingConstructorAccessorImpl.newInstance(DelegatingConstructorAccessorImpl.java:45)java.lang.reflect.Constructor.newInstance(Constructor.java:423)org.openqa.selenium.remote.http.W3CHttpResponseCodec.createException(W3CHttpResponseCodec.java:187)org.openqa.selenium.remote.http.W3CHttpResponseCodec.decode(W3CHttpResponseCodec.java:122)org.openqa.selenium.remote.http.W3CHttpResponseCodec.decode(W3CHttpResponseCodec.java:49)org.openqa.selenium.remote.HttpCommandExecutor.execute(HttpCommandExecutor.java:158)io.appium.java_client.remote.AppiumCommandExecutor.execute(AppiumCommandExecutor.java:239)org.openqa.selenium.remote.RemoteWebDriver.execute(RemoteWebDriver.java:552)io.appium.java_client.DefaultGenericMobileDriver.execute(DefaultGenericMobileDriver.java:46)io.appium.java_client.AppiumDriver.execute(AppiumDriver.java:1)org.openqa.selenium.remote.RemoteWebDriver.quit(RemoteWebDriver.java:452)TestBase.tearDown(TestBase.java:29)sun.reflect.NativeMethodAccessorImpl.invoke0(Native Method)sun.reflect.NativeMethodAccessorImpl.invoke(NativeMethodAccessorImpl.java:62)sun.reflect.DelegatingMethodAccessorImpl.invoke(DelegatingMethodAccessorImpl.java:43)java.lang.reflect.Method.invoke(Method.java:498)org.testng.internal.MethodInvocationHelper.invokeMethod(MethodInvocationHelper.java:124)org.testng.internal.MethodInvocationHelper.invokeMethodConsideringTimeout(MethodInvocationHelper.java:59)org.testng.internal.Invoker.invokeConfigurationMethod(Invoker.java:458)org.testng.internal.Invoker.invokeConfigurations(Invoker.java:222)org.testng.internal.Invoker.invokeConfigurations(Invoker.java:142)org.testng.SuiteRunner.privateRun(SuiteRunner.java:425)org.testng.SuiteRunner.run(SuiteRunner.java:364)org.testng.SuiteRunnerWorker.runSuite(SuiteRunnerWorker.java:52)org.testng.SuiteRunnerWorker.run(SuiteRunnerWorker.java:84)org.testng.TestNG.runSuitesSequentially(TestNG.java:1208)org.testng.TestNG.runSuitesLocally(TestNG.java:1137)org.testng.TestNG.runSuites(TestNG.java:1049)org.testng.TestNG.run(TestNG.java:1017)com.intellij.rt.testng.IDEARemoteTestNG.run(IDEARemoteTestNG.java:66)com.intellij.rt.testng.RemoteTestNGStarter.main(RemoteTestNGStarter.java:109)
]]>
            </failure>
    </testcase>
            <testcase
                name="SellProduct"
                time="0.017"
                classname="SellPageTest">

            <failure type="org.openqa.selenium.NoSuchSessionException" message="A session is either terminated or not started
Build info: version: &apos;3.141.59&apos;, revision: &apos;e82be7d358&apos;, time: &apos;2018-11-14T08:17:03&apos;
System info: host: &apos;DESKTOP-D91J9RN&apos;, ip: &apos;192.168.1.38&apos;, os.name: &apos;Windows 10&apos;, os.arch: &apos;amd64&apos;, os.version: &apos;10.0&apos;, java.version: &apos;1.8.0_332&apos;
Driver info: io.appium.java_client.AppiumDriver
Capabilities {appActivity: com.paydi.MainActivity, appPackage: com.paydi, databaseEnabled: false, desired: {appActivity: com.paydi.MainActivity, appPackage: com.paydi, deviceName: sdk_gphone_x86, platformName: android, platformVersion: 11, uid: emulator-5554}, deviceApiLevel: 30, deviceManufacturer: Google, deviceModel: sdk_gphone_x86, deviceName: emulator-5554, deviceScreenDensity: 440, deviceScreenSize: 1080x2280, deviceUDID: emulator-5554, javascriptEnabled: true, locationContextEnabled: false, networkConnectionEnabled: true, pixelRatio: 2.75, platform: LINUX, platformName: LINUX, platformVersion: 11, statBarHeight: 135, takesScreenshot: true, uid: emulator-5554, viewportRect: {height: 1842, left: 0, top: 135, width: 1080}, warnings: {}, webStorageEnabled: false}
Session ID: c0953bb1-eaea-496c-a26f-8b24ae998e9a">
                <![CDATA[org.openqa.selenium.NoSuchSessionException: A session is either terminated or not started
Build info: version: '3.141.59', revision: 'e82be7d358', time: '2018-11-14T08:17:03'
System info: host: 'DESKTOP-D91J9RN', ip: '192.168.1.38', os.name: 'Windows 10', os.arch: 'amd64', os.version: '10.0', java.version: '1.8.0_332'
Driver info: io.appium.java_client.AppiumDriver
Capabilities {appActivity: com.paydi.MainActivity, appPackage: com.paydi, databaseEnabled: false, desired: {appActivity: com.paydi.MainActivity, appPackage: com.paydi, deviceName: sdk_gphone_x86, platformName: android, platformVersion: 11, uid: emulator-5554}, deviceApiLevel: 30, deviceManufacturer: Google, deviceModel: sdk_gphone_x86, deviceName: emulator-5554, deviceScreenDensity: 440, deviceScreenSize: 1080x2280, deviceUDID: emulator-5554, javascriptEnabled: true, locationContextEnabled: false, networkConnectionEnabled: true, pixelRatio: 2.75, platform: LINUX, platformName: LINUX, platformVersion: 11, statBarHeight: 135, takesScreenshot: true, uid: emulator-5554, viewportRect: {height: 1842, left: 0, top: 135, width: 1080}, warnings: {}, webStorageEnabled: false}
Session ID: c0953bb1-eaea-496c-a26f-8b24ae998e9a
                sun.reflect.NativeConstructorAccessorImpl.newInstance0(Native Method)sun.reflect.NativeConstructorAccessorImpl.newInstance(NativeConstructorAccessorImpl.java:62)sun.reflect.DelegatingConstructorAccessorImpl.newInstance(DelegatingConstructorAccessorImpl.java:45)java.lang.reflect.Constructor.newInstance(Constructor.java:423)org.openqa.selenium.remote.http.W3CHttpResponseCodec.createException(W3CHttpResponseCodec.java:187)org.openqa.selenium.remote.http.W3CHttpResponseCodec.decode(W3CHttpResponseCodec.java:122)org.openqa.selenium.remote.http.W3CHttpResponseCodec.decode(W3CHttpResponseCodec.java:49)org.openqa.selenium.remote.HttpCommandExecutor.execute(HttpCommandExecutor.java:158)io.appium.java_client.remote.AppiumCommandExecutor.execute(AppiumCommandExecutor.java:239)org.openqa.selenium.remote.RemoteWebDriver.execute(RemoteWebDriver.java:552)io.appium.java_client.DefaultGenericMobileDriver.execute(DefaultGenericMobileDriver.java:46)io.appium.java_client.AppiumDriver.execute(AppiumDriver.java:1)io.appium.java_client.InteractsWithApps.launchApp(InteractsWithApps.java:50)SellPageTest.SellProduct(SellPageTest.java:47)sun.reflect.NativeMethodAccessorImpl.invoke0(Native Method)sun.reflect.NativeMethodAccessorImpl.invoke(NativeMethodAccessorImpl.java:62)sun.reflect.DelegatingMethodAccessorImpl.invoke(DelegatingMethodAccessorImpl.java:43)java.lang.reflect.Method.invoke(Method.java:498)org.testng.internal.MethodInvocationHelper.invokeMethod(MethodInvocationHelper.java:124)org.testng.internal.Invoker.invokeMethod(Invoker.java:583)org.testng.internal.Invoker.invokeTestMethod(Invoker.java:719)org.testng.internal.Invoker.invokeTestMethods(Invoker.java:989)org.testng.internal.TestMethodWorker.invokeTestMethods(TestMethodWorker.java:125)org.testng.internal.TestMethodWorker.run(TestMethodWorker.java:109)org.testng.TestRunner.privateRun(TestRunner.java:648)org.testng.TestRunner.run(TestRunner.java:505)org.testng.SuiteRunner.runTest(SuiteRunner.java:455)org.testng.SuiteRunner.runSequentially(SuiteRunner.java:450)org.testng.SuiteRunner.privateRun(SuiteRunner.java:415)org.testng.SuiteRunner.run(SuiteRunner.java:364)org.testng.SuiteRunnerWorker.runSuite(SuiteRunnerWorker.java:52)org.testng.SuiteRunnerWorker.run(SuiteRunnerWorker.java:84)org.testng.TestNG.runSuitesSequentially(TestNG.java:1208)org.testng.TestNG.runSuitesLocally(TestNG.java:1137)org.testng.TestNG.runSuites(TestNG.java:1049)org.testng.TestNG.run(TestNG.java:1017)com.intellij.rt.testng.IDEARemoteTestNG.run(IDEARemoteTestNG.java:66)com.intellij.rt.testng.RemoteTestNGStarter.main(RemoteTestNGStarter.java:109)
]]>
            </failure>
    </testcase>
            <testcase
                name="Search"
                time="1.097"
                classname="SellPageTest">

            <failure type="org.openqa.selenium.NoSuchSessionException" message="A session is either terminated or not started
Build info: version: &apos;3.141.59&apos;, revision: &apos;e82be7d358&apos;, time: &apos;2018-11-14T08:17:03&apos;
System info: host: &apos;DESKTOP-D91J9RN&apos;, ip: &apos;192.168.1.38&apos;, os.name: &apos;Windows 10&apos;, os.arch: &apos;amd64&apos;, os.version: &apos;10.0&apos;, java.version: &apos;1.8.0_332&apos;
Driver info: io.appium.java_client.AppiumDriver
Capabilities {appActivity: com.paydi.MainActivity, appPackage: com.paydi, databaseEnabled: false, desired: {appActivity: com.paydi.MainActivity, appPackage: com.paydi, deviceName: sdk_gphone_x86, platformName: android, platformVersion: 11, uid: emulator-5554}, deviceApiLevel: 30, deviceManufacturer: Google, deviceModel: sdk_gphone_x86, deviceName: emulator-5554, deviceScreenDensity: 440, deviceScreenSize: 1080x2280, deviceUDID: emulator-5554, javascriptEnabled: true, locationContextEnabled: false, networkConnectionEnabled: true, pixelRatio: 2.75, platform: LINUX, platformName: LINUX, platformVersion: 11, statBarHeight: 135, takesScreenshot: true, uid: emulator-5554, viewportRect: {height: 1842, left: 0, top: 135, width: 1080}, warnings: {}, webStorageEnabled: false}
Session ID: c0953bb1-eaea-496c-a26f-8b24ae998e9a">
                <![CDATA[org.openqa.selenium.NoSuchSessionException: A session is either terminated or not started
Build info: version: '3.141.59', revision: 'e82be7d358', time: '2018-11-14T08:17:03'
System info: host: 'DESKTOP-D91J9RN', ip: '192.168.1.38', os.name: 'Windows 10', os.arch: 'amd64', os.version: '10.0', java.version: '1.8.0_332'
Driver info: io.appium.java_client.AppiumDriver
Capabilities {appActivity: com.paydi.MainActivity, appPackage: com.paydi, databaseEnabled: false, desired: {appActivity: com.paydi.MainActivity, appPackage: com.paydi, deviceName: sdk_gphone_x86, platformName: android, platformVersion: 11, uid: emulator-5554}, deviceApiLevel: 30, deviceManufacturer: Google, deviceModel: sdk_gphone_x86, deviceName: emulator-5554, deviceScreenDensity: 440, deviceScreenSize: 1080x2280, deviceUDID: emulator-5554, javascriptEnabled: true, locationContextEnabled: false, networkConnectionEnabled: true, pixelRatio: 2.75, platform: LINUX, platformName: LINUX, platformVersion: 11, statBarHeight: 135, takesScreenshot: true, uid: emulator-5554, viewportRect: {height: 1842, left: 0, top: 135, width: 1080}, warnings: {}, webStorageEnabled: false}
Session ID: c0953bb1-eaea-496c-a26f-8b24ae998e9a
                sun.reflect.NativeConstructorAccessorImpl.newInstance0(Native Method)sun.reflect.NativeConstructorAccessorImpl.newInstance(NativeConstructorAccessorImpl.java:62)sun.reflect.DelegatingConstructorAccessorImpl.newInstance(DelegatingConstructorAccessorImpl.java:45)java.lang.reflect.Constructor.newInstance(Constructor.java:423)org.openqa.selenium.remote.http.W3CHttpResponseCodec.createException(W3CHttpResponseCodec.java:187)org.openqa.selenium.remote.http.W3CHttpResponseCodec.decode(W3CHttpResponseCodec.java:122)org.openqa.selenium.remote.http.W3CHttpResponseCodec.decode(W3CHttpResponseCodec.java:49)org.openqa.selenium.remote.HttpCommandExecutor.execute(HttpCommandExecutor.java:158)io.appium.java_client.remote.AppiumCommandExecutor.execute(AppiumCommandExecutor.java:239)org.openqa.selenium.remote.RemoteWebDriver.execute(RemoteWebDriver.java:552)io.appium.java_client.DefaultGenericMobileDriver.execute(DefaultGenericMobileDriver.java:46)io.appium.java_client.AppiumDriver.execute(AppiumDriver.java:1)io.appium.java_client.InteractsWithApps.launchApp(InteractsWithApps.java:50)SellPageTest.Search(SellPageTest.java:12)sun.reflect.NativeMethodAccessorImpl.invoke0(Native Method)sun.reflect.NativeMethodAccessorImpl.invoke(NativeMethodAccessorImpl.java:62)sun.reflect.DelegatingMethodAccessorImpl.invoke(DelegatingMethodAccessorImpl.java:43)java.lang.reflect.Method.invoke(Method.java:498)org.testng.internal.MethodInvocationHelper.invokeMethod(MethodInvocationHelper.java:124)org.testng.internal.Invoker.invokeMethod(Invoker.java:583)org.testng.internal.Invoker.invokeTestMethod(Invoker.java:719)org.testng.internal.Invoker.invokeTestMethods(Invoker.java:989)org.testng.internal.TestMethodWorker.invokeTestMethods(TestMethodWorker.java:125)org.testng.internal.TestMethodWorker.run(TestMethodWorker.java:109)org.testng.TestRunner.privateRun(TestRunner.java:648)org.testng.TestRunner.run(TestRunner.java:505)org.testng.SuiteRunner.runTest(SuiteRunner.java:455)org.testng.SuiteRunner.runSequentially(SuiteRunner.java:450)org.testng.SuiteRunner.privateRun(SuiteRunner.java:415)org.testng.SuiteRunner.run(SuiteRunner.java:364)org.testng.SuiteRunnerWorker.runSuite(SuiteRunnerWorker.java:52)org.testng.SuiteRunnerWorker.run(SuiteRunnerWorker.java:84)org.testng.TestNG.runSuitesSequentially(TestNG.java:1208)org.testng.TestNG.runSuitesLocally(TestNG.java:1137)org.testng.TestNG.runSuites(TestNG.java:1049)org.testng.TestNG.run(TestNG.java:1017)com.intellij.rt.testng.IDEARemoteTestNG.run(IDEARemoteTestNG.java:66)com.intellij.rt.testng.RemoteTestNGStarter.main(RemoteTestNGStarter.java:109)
]]>
            </failure>
    </testcase>
            <testcase
                name="Search"
                time="0.022"
                classname="SellPageTest">

            <failure type="org.openqa.selenium.NoSuchSessionException" message="A session is either terminated or not started
Build info: version: &apos;3.141.59&apos;, revision: &apos;e82be7d358&apos;, time: &apos;2018-11-14T08:17:03&apos;
System info: host: &apos;DESKTOP-D91J9RN&apos;, ip: &apos;192.168.1.38&apos;, os.name: &apos;Windows 10&apos;, os.arch: &apos;amd64&apos;, os.version: &apos;10.0&apos;, java.version: &apos;1.8.0_332&apos;
Driver info: io.appium.java_client.AppiumDriver
Capabilities {appActivity: com.paydi.MainActivity, appPackage: com.paydi, databaseEnabled: false, desired: {appActivity: com.paydi.MainActivity, appPackage: com.paydi, deviceName: sdk_gphone_x86, platformName: android, platformVersion: 11, uid: emulator-5554}, deviceApiLevel: 30, deviceManufacturer: Google, deviceModel: sdk_gphone_x86, deviceName: emulator-5554, deviceScreenDensity: 440, deviceScreenSize: 1080x2280, deviceUDID: emulator-5554, javascriptEnabled: true, locationContextEnabled: false, networkConnectionEnabled: true, pixelRatio: 2.75, platform: LINUX, platformName: LINUX, platformVersion: 11, statBarHeight: 135, takesScreenshot: true, uid: emulator-5554, viewportRect: {height: 1842, left: 0, top: 135, width: 1080}, warnings: {}, webStorageEnabled: false}
Session ID: c0953bb1-eaea-496c-a26f-8b24ae998e9a">
                <![CDATA[org.openqa.selenium.NoSuchSessionException: A session is either terminated or not started
Build info: version: '3.141.59', revision: 'e82be7d358', time: '2018-11-14T08:17:03'
System info: host: 'DESKTOP-D91J9RN', ip: '192.168.1.38', os.name: 'Windows 10', os.arch: 'amd64', os.version: '10.0', java.version: '1.8.0_332'
Driver info: io.appium.java_client.AppiumDriver
Capabilities {appActivity: com.paydi.MainActivity, appPackage: com.paydi, databaseEnabled: false, desired: {appActivity: com.paydi.MainActivity, appPackage: com.paydi, deviceName: sdk_gphone_x86, platformName: android, platformVersion: 11, uid: emulator-5554}, deviceApiLevel: 30, deviceManufacturer: Google, deviceModel: sdk_gphone_x86, deviceName: emulator-5554, deviceScreenDensity: 440, deviceScreenSize: 1080x2280, deviceUDID: emulator-5554, javascriptEnabled: true, locationContextEnabled: false, networkConnectionEnabled: true, pixelRatio: 2.75, platform: LINUX, platformName: LINUX, platformVersion: 11, statBarHeight: 135, takesScreenshot: true, uid: emulator-5554, viewportRect: {height: 1842, left: 0, top: 135, width: 1080}, warnings: {}, webStorageEnabled: false}
Session ID: c0953bb1-eaea-496c-a26f-8b24ae998e9a
                sun.reflect.NativeConstructorAccessorImpl.newInstance0(Native Method)sun.reflect.NativeConstructorAccessorImpl.newInstance(NativeConstructorAccessorImpl.java:62)sun.reflect.DelegatingConstructorAccessorImpl.newInstance(DelegatingConstructorAccessorImpl.java:45)java.lang.reflect.Constructor.newInstance(Constructor.java:423)org.openqa.selenium.remote.http.W3CHttpResponseCodec.createException(W3CHttpResponseCodec.java:187)org.openqa.selenium.remote.http.W3CHttpResponseCodec.decode(W3CHttpResponseCodec.java:122)org.openqa.selenium.remote.http.W3CHttpResponseCodec.decode(W3CHttpResponseCodec.java:49)org.openqa.selenium.remote.HttpCommandExecutor.execute(HttpCommandExecutor.java:158)io.appium.java_client.remote.AppiumCommandExecutor.execute(AppiumCommandExecutor.java:239)org.openqa.selenium.remote.RemoteWebDriver.execute(RemoteWebDriver.java:552)io.appium.java_client.DefaultGenericMobileDriver.execute(DefaultGenericMobileDriver.java:46)io.appium.java_client.AppiumDriver.execute(AppiumDriver.java:1)io.appium.java_client.InteractsWithApps.launchApp(InteractsWithApps.java:50)SellPageTest.Search(SellPageTest.java:12)sun.reflect.NativeMethodAccessorImpl.invoke0(Native Method)sun.reflect.NativeMethodAccessorImpl.invoke(NativeMethodAccessorImpl.java:62)sun.reflect.DelegatingMethodAccessorImpl.invoke(DelegatingMethodAccessorImpl.java:43)java.lang.reflect.Method.invoke(Method.java:498)org.testng.internal.MethodInvocationHelper.invokeMethod(MethodInvocationHelper.java:124)org.testng.internal.Invoker.invokeMethod(Invoker.java:583)org.testng.internal.Invoker.invokeTestMethod(Invoker.java:719)org.testng.internal.Invoker.invokeTestMethods(Invoker.java:989)org.testng.internal.TestMethodWorker.invokeTestMethods(TestMethodWorker.java:125)org.testng.internal.TestMethodWorker.run(TestMethodWorker.java:109)org.testng.TestRunner.privateRun(TestRunner.java:648)org.testng.TestRunner.run(TestRunner.java:505)org.testng.SuiteRunner.runTest(SuiteRunner.java:455)org.testng.SuiteRunner.runSequentially(SuiteRunner.java:450)org.testng.SuiteRunner.privateRun(SuiteRunner.java:415)org.testng.SuiteRunner.run(SuiteRunner.java:364)org.testng.SuiteRunnerWorker.runSuite(SuiteRunnerWorker.java:52)org.testng.SuiteRunnerWorker.run(SuiteRunnerWorker.java:84)org.testng.TestNG.runSuitesSequentially(TestNG.java:1208)org.testng.TestNG.runSuitesLocally(TestNG.java:1137)org.testng.TestNG.runSuites(TestNG.java:1049)org.testng.TestNG.run(TestNG.java:1017)com.intellij.rt.testng.IDEARemoteTestNG.run(IDEARemoteTestNG.java:66)com.intellij.rt.testng.RemoteTestNGStarter.main(RemoteTestNGStarter.java:109)
]]>
            </failure>
    </testcase>
            <testcase
                name="QuickSell"
                time="47.030"
                classname="SellPageTest">

            <failure type="org.openqa.selenium.WebDriverException" message="org.openqa.selenium.WebDriverException: Connection refused: connect
Build info: version: &apos;3.141.59&apos;, revision: &apos;e82be7d358&apos;, time: &apos;2018-11-14T08:17:03&apos;
System info: host: &apos;DESKTOP-D91J9RN&apos;, ip: &apos;192.168.1.38&apos;, os.name: &apos;Windows 10&apos;, os.arch: &apos;amd64&apos;, os.version: &apos;10.0&apos;, java.version: &apos;1.8.0_332&apos;
Driver info: driver.version: AppiumDriver">
                <![CDATA[org.openqa.selenium.WebDriverException: org.openqa.selenium.WebDriverException: Connection refused: connect
Build info: version: '3.141.59', revision: 'e82be7d358', time: '2018-11-14T08:17:03'
System info: host: 'DESKTOP-D91J9RN', ip: '192.168.1.38', os.name: 'Windows 10', os.arch: 'amd64', os.version: '10.0', java.version: '1.8.0_332'
Driver info: driver.version: AppiumDriver
                io.appium.java_client.pagefactory.AppiumElementLocator$WaitingFunction.apply(AppiumElementLocator.java:192)io.appium.java_client.pagefactory.AppiumElementLocator$WaitingFunction.apply(AppiumElementLocator.java:1)org.openqa.selenium.support.ui.FluentWait.until(FluentWait.java:249)io.appium.java_client.pagefactory.AppiumElementLocator.waitFor(AppiumElementLocator.java:99)io.appium.java_client.pagefactory.AppiumElementLocator.findElement(AppiumElementLocator.java:119)io.appium.java_client.pagefactory.interceptors.InterceptorOfASingleElement.intercept(InterceptorOfASingleElement.java:59)io.appium.java_client.android.AndroidElement$$EnhancerByCGLIB$$b598166c.isDisplayed(<generated>)org.openqa.selenium.support.ui.ExpectedConditions.elementIfVisible(ExpectedConditions.java:314)org.openqa.selenium.support.ui.ExpectedConditions.access$000(ExpectedConditions.java:43)org.openqa.selenium.support.ui.ExpectedConditions$10.apply(ExpectedConditions.java:300)org.openqa.selenium.support.ui.ExpectedConditions$10.apply(ExpectedConditions.java:297)org.openqa.selenium.support.ui.FluentWait.until(FluentWait.java:249)PageBase.waitForVisibility(PageBase.java:24)PageBase.click(PageBase.java:31)HomePage.SellPage(HomePage.java:93)SellPageTest.QuickSell(SellPageTest.java:37)sun.reflect.NativeMethodAccessorImpl.invoke0(Native Method)sun.reflect.NativeMethodAccessorImpl.invoke(NativeMethodAccessorImpl.java:62)sun.reflect.DelegatingMethodAccessorImpl.invoke(DelegatingMethodAccessorImpl.java:43)java.lang.reflect.Method.invoke(Method.java:498)org.testng.internal.MethodInvocationHelper.invokeMethod(MethodInvocationHelper.java:124)org.testng.internal.Invoker.invokeMethod(Invoker.java:583)org.testng.internal.Invoker.invokeTestMethod(Invoker.java:719)org.testng.internal.Invoker.invokeTestMethods(Invoker.java:989)org.testng.internal.TestMethodWorker.invokeTestMethods(TestMethodWorker.java:125)org.testng.internal.TestMethodWorker.run(TestMethodWorker.java:109)org.testng.TestRunner.privateRun(TestRunner.java:648)org.testng.TestRunner.run(TestRunner.java:505)org.testng.SuiteRunner.runTest(SuiteRunner.java:455)org.testng.SuiteRunner.runSequentially(SuiteRunner.java:450)org.testng.SuiteRunner.privateRun(SuiteRunner.java:415)org.testng.SuiteRunner.run(SuiteRunner.java:364)org.testng.SuiteRunnerWorker.runSuite(SuiteRunnerWorker.java:52)org.testng.SuiteRunnerWorker.run(SuiteRunnerWorker.java:84)org.testng.TestNG.runSuitesSequentially(TestNG.java:1208)org.testng.TestNG.runSuitesLocally(TestNG.java:1137)org.testng.TestNG.runSuites(TestNG.java:1049)org.testng.TestNG.run(TestNG.java:1017)com.intellij.rt.testng.IDEARemoteTestNG.run(IDEARemoteTestNG.java:66)com.intellij.rt.testng.RemoteTestNGStarter.main(RemoteTestNGStarter.java:109)
                    Caused by: org.openqa.selenium.WebDriverException: Connection refused: connect
Build info: version: '3.141.59', revision: 'e82be7d358', time: '2018-11-14T08:17:03'
System info: host: 'DESKTOP-D91J9RN', ip: '192.168.1.38', os.name: 'Windows 10', os.arch: 'amd64', os.version: '10.0', java.version: '1.8.0_332'
Driver info: driver.version: AppiumDriver
                    io.appium.java_client.remote.AppiumCommandExecutor.lambda$5(AppiumCommandExecutor.java:251)java.util.Optional.orElseGet(Optional.java:267)io.appium.java_client.remote.AppiumCommandExecutor.execute(AppiumCommandExecutor.java:250)org.openqa.selenium.remote.RemoteWebDriver.execute(RemoteWebDriver.java:552)io.appium.java_client.DefaultGenericMobileDriver.execute(DefaultGenericMobileDriver.java:42)io.appium.java_client.AppiumDriver.execute(AppiumDriver.java:1)org.openqa.selenium.remote.RemoteWebDriver.findElement(RemoteWebDriver.java:323)io.appium.java_client.DefaultGenericMobileDriver.findElement(DefaultGenericMobileDriver.java:62)io.appium.java_client.AppiumDriver.findElement(AppiumDriver.java:1)org.openqa.selenium.remote.RemoteWebDriver.findElementByXPath(RemoteWebDriver.java:428)io.appium.java_client.DefaultGenericMobileDriver.findElementByXPath(DefaultGenericMobileDriver.java:152)io.appium.java_client.AppiumDriver.findElementByXPath(AppiumDriver.java:1)org.openqa.selenium.By$ByXPath.findElement(By.java:353)org.openqa.selenium.remote.RemoteWebDriver.findElement(RemoteWebDriver.java:315)io.appium.java_client.DefaultGenericMobileDriver.findElement(DefaultGenericMobileDriver.java:58)io.appium.java_client.AppiumDriver.findElement(AppiumDriver.java:1)io.appium.java_client.pagefactory.bys.builder.ByChained.lambda$0(ByChained.java:38)org.openqa.selenium.support.ui.FluentWait.until(FluentWait.java:249)io.appium.java_client.pagefactory.bys.builder.ByChained.findElement(ByChained.java:72)org.openqa.selenium.remote.RemoteWebDriver.findElement(RemoteWebDriver.java:315)io.appium.java_client.DefaultGenericMobileDriver.findElement(DefaultGenericMobileDriver.java:58)io.appium.java_client.AppiumDriver.findElement(AppiumDriver.java:1)io.appium.java_client.pagefactory.bys.ContentMappedBy.findElement(ContentMappedBy.java:50)org.openqa.selenium.remote.RemoteWebDriver.findElement(RemoteWebDriver.java:315)io.appium.java_client.DefaultGenericMobileDriver.findElement(DefaultGenericMobileDriver.java:58)io.appium.java_client.AppiumDriver.findElement(AppiumDriver.java:1)io.appium.java_client.pagefactory.AppiumElementLocator.lambda$0(AppiumElementLocator.java:120)io.appium.java_client.pagefactory.AppiumElementLocator$WaitingFunction.apply(AppiumElementLocator.java:172)io.appium.java_client.pagefactory.AppiumElementLocator$WaitingFunction.apply(AppiumElementLocator.java:1)org.openqa.selenium.support.ui.FluentWait.until(FluentWait.java:249)io.appium.java_client.pagefactory.AppiumElementLocator.waitFor(AppiumElementLocator.java:99)io.appium.java_client.pagefactory.AppiumElementLocator.findElement(AppiumElementLocator.java:119)io.appium.java_client.pagefactory.interceptors.InterceptorOfASingleElement.intercept(InterceptorOfASingleElement.java:59)io.appium.java_client.android.AndroidElement$$EnhancerByCGLIB$$b598166c.isDisplayed(<generated>)org.openqa.selenium.support.ui.ExpectedConditions.elementIfVisible(ExpectedConditions.java:314)org.openqa.selenium.support.ui.ExpectedConditions.access$000(ExpectedConditions.java:43)org.openqa.selenium.support.ui.ExpectedConditions$10.apply(ExpectedConditions.java:300)org.openqa.selenium.support.ui.ExpectedConditions$10.apply(ExpectedConditions.java:297)org.openqa.selenium.support.ui.FluentWait.until(FluentWait.java:249)PageBase.waitForVisibility(PageBase.java:24)PageBase.click(PageBase.java:31)HomePage.SellPage(HomePage.java:93)SellPageTest.QuickSell(SellPageTest.java:37)sun.reflect.NativeMethodAccessorImpl.invoke0(Native Method)sun.reflect.NativeMethodAccessorImpl.invoke(NativeMethodAccessorImpl.java:62)sun.reflect.DelegatingMethodAccessorImpl.invoke(DelegatingMethodAccessorImpl.java:43)java.lang.reflect.Method.invoke(Method.java:498)org.testng.internal.MethodInvocationHelper.invokeMethod(MethodInvocationHelper.java:124)org.testng.internal.Invoker.invokeMethod(Invoker.java:583)org.testng.internal.Invoker.invokeTestMethod(Invoker.java:719)org.testng.internal.Invoker.invokeTestMethods(Invoker.java:989)org.testng.internal.TestMethodWorker.invokeTestMethods(TestMethodWorker.java:125)org.testng.internal.TestMethodWorker.run(TestMethodWorker.java:109)org.testng.TestRunner.privateRun(TestRunner.java:648)org.testng.TestRunner.run(TestRunner.java:505)org.testng.SuiteRunner.runTest(SuiteRunner.java:455)org.testng.SuiteRunner.runSequentially(SuiteRunner.java:450)org.testng.SuiteRunner.privateRun(SuiteRunner.java:415)org.testng.SuiteRunner.run(SuiteRunner.java:364)org.testng.SuiteRunnerWorker.runSuite(SuiteRunnerWorker.java:52)org.testng.SuiteRunnerWorker.run(SuiteRunnerWorker.java:84)org.testng.TestNG.runSuitesSequentially(TestNG.java:1208)org.testng.TestNG.runSuitesLocally(TestNG.java:1137)org.testng.TestNG.runSuites(TestNG.java:1049)org.testng.TestNG.run(TestNG.java:1017)com.intellij.rt.testng.IDEARemoteTestNG.run(IDEARemoteTestNG.java:66)com.intellij.rt.testng.RemoteTestNGStarter.main(RemoteTestNGStarter.java:109)
                                    Caused by: java.net.ConnectException: Connection refused: connect
                    java.net.DualStackPlainSocketImpl.waitForConnect(Native Method)java.net.DualStackPlainSocketImpl.socketConnect(DualStackPlainSocketImpl.java:85)java.net.AbstractPlainSocketImpl.doConnect(AbstractPlainSocketImpl.java:350)java.net.AbstractPlainSocketImpl.connectToAddress(AbstractPlainSocketImpl.java:206)java.net.AbstractPlainSocketImpl.connect(AbstractPlainSocketImpl.java:188)java.net.PlainSocketImpl.connect(PlainSocketImpl.java:172)java.net.SocksSocketImpl.connect(SocksSocketImpl.java:392)java.net.Socket.connect(Socket.java:607)okhttp3.internal.platform.Platform.connectSocket(Platform.java:129)okhttp3.internal.connection.RealConnection.connectSocket(RealConnection.java:245)okhttp3.internal.connection.RealConnection.connect(RealConnection.java:165)okhttp3.internal.connection.StreamAllocation.findConnection(StreamAllocation.java:257)okhttp3.internal.connection.StreamAllocation.findHealthyConnection(StreamAllocation.java:135)okhttp3.internal.connection.StreamAllocation.newStream(StreamAllocation.java:114)okhttp3.internal.connection.ConnectInterceptor.intercept(ConnectInterceptor.java:42)okhttp3.internal.http.RealInterceptorChain.proceed(RealInterceptorChain.java:147)okhttp3.internal.http.RealInterceptorChain.proceed(RealInterceptorChain.java:121)okhttp3.internal.cache.CacheInterceptor.intercept(CacheInterceptor.java:93)okhttp3.internal.http.RealInterceptorChain.proceed(RealInterceptorChain.java:147)okhttp3.internal.http.RealInterceptorChain.proceed(RealInterceptorChain.java:121)okhttp3.internal.http.BridgeInterceptor.intercept(BridgeInterceptor.java:93)okhttp3.internal.http.RealInterceptorChain.proceed(RealInterceptorChain.java:147)okhttp3.internal.http.RetryAndFollowUpInterceptor.intercept(RetryAndFollowUpInterceptor.java:126)okhttp3.internal.http.RealInterceptorChain.proceed(RealInterceptorChain.java:147)okhttp3.internal.http.RealInterceptorChain.proceed(RealInterceptorChain.java:121)okhttp3.RealCall.getResponseWithInterceptorChain(RealCall.java:200)okhttp3.RealCall.execute(RealCall.java:77)org.openqa.selenium.remote.internal.OkHttpClient.execute(OkHttpClient.java:103)org.openqa.selenium.remote.HttpCommandExecutor.execute(HttpCommandExecutor.java:155)io.appium.java_client.remote.AppiumCommandExecutor.execute(AppiumCommandExecutor.java:239)org.openqa.selenium.remote.RemoteWebDriver.execute(RemoteWebDriver.java:552)io.appium.java_client.DefaultGenericMobileDriver.execute(DefaultGenericMobileDriver.java:42)io.appium.java_client.AppiumDriver.execute(AppiumDriver.java:1)org.openqa.selenium.remote.RemoteWebDriver.findElement(RemoteWebDriver.java:323)io.appium.java_client.DefaultGenericMobileDriver.findElement(DefaultGenericMobileDriver.java:62)io.appium.java_client.AppiumDriver.findElement(AppiumDriver.java:1)org.openqa.selenium.remote.RemoteWebDriver.findElementByXPath(RemoteWebDriver.java:428)io.appium.java_client.DefaultGenericMobileDriver.findElementByXPath(DefaultGenericMobileDriver.java:152)io.appium.java_client.AppiumDriver.findElementByXPath(AppiumDriver.java:1)org.openqa.selenium.By$ByXPath.findElement(By.java:353)org.openqa.selenium.remote.RemoteWebDriver.findElement(RemoteWebDriver.java:315)io.appium.java_client.DefaultGenericMobileDriver.findElement(DefaultGenericMobileDriver.java:58)io.appium.java_client.AppiumDriver.findElement(AppiumDriver.java:1)io.appium.java_client.pagefactory.bys.builder.ByChained.lambda$0(ByChained.java:38)org.openqa.selenium.support.ui.FluentWait.until(FluentWait.java:249)io.appium.java_client.pagefactory.bys.builder.ByChained.findElement(ByChained.java:72)org.openqa.selenium.remote.RemoteWebDriver.findElement(RemoteWebDriver.java:315)io.appium.java_client.DefaultGenericMobileDriver.findElement(DefaultGenericMobileDriver.java:58)io.appium.java_client.AppiumDriver.findElement(AppiumDriver.java:1)io.appium.java_client.pagefactory.bys.ContentMappedBy.findElement(ContentMappedBy.java:50)org.openqa.selenium.remote.RemoteWebDriver.findElement(RemoteWebDriver.java:315)io.appium.java_client.DefaultGenericMobileDriver.findElement(DefaultGenericMobileDriver.java:58)io.appium.java_client.AppiumDriver.findElement(AppiumDriver.java:1)io.appium.java_client.pagefactory.AppiumElementLocator.lambda$0(AppiumElementLocator.java:120)io.appium.java_client.pagefactory.AppiumElementLocator$WaitingFunction.apply(AppiumElementLocator.java:172)io.appium.java_client.pagefactory.AppiumElementLocator$WaitingFunction.apply(AppiumElementLocator.java:1)org.openqa.selenium.support.ui.FluentWait.until(FluentWait.java:249)io.appium.java_client.pagefactory.AppiumElementLocator.waitFor(AppiumElementLocator.java:99)io.appium.java_client.pagefactory.AppiumElementLocator.findElement(AppiumElementLocator.java:119)io.appium.java_client.pagefactory.interceptors.InterceptorOfASingleElement.intercept(InterceptorOfASingleElement.java:59)io.appium.java_client.android.AndroidElement$$EnhancerByCGLIB$$b598166c.isDisplayed(<generated>)org.openqa.selenium.support.ui.ExpectedConditions.elementIfVisible(ExpectedConditions.java:314)org.openqa.selenium.support.ui.ExpectedConditions.access$000(ExpectedConditions.java:43)org.openqa.selenium.support.ui.ExpectedConditions$10.apply(ExpectedConditions.java:300)org.openqa.selenium.support.ui.ExpectedConditions$10.apply(ExpectedConditions.java:297)org.openqa.selenium.support.ui.FluentWait.until(FluentWait.java:249)PageBase.waitForVisibility(PageBase.java:24)PageBase.click(PageBase.java:31)HomePage.SellPage(HomePage.java:93)SellPageTest.QuickSell(SellPageTest.java:37)sun.reflect.NativeMethodAccessorImpl.invoke0(Native Method)sun.reflect.NativeMethodAccessorImpl.invoke(NativeMethodAccessorImpl.java:62)sun.reflect.DelegatingMethodAccessorImpl.invoke(DelegatingMethodAccessorImpl.java:43)java.lang.reflect.Method.invoke(Method.java:498)org.testng.internal.MethodInvocationHelper.invokeMethod(MethodInvocationHelper.java:124)org.testng.internal.Invoker.invokeMethod(Invoker.java:583)org.testng.internal.Invoker.invokeTestMethod(Invoker.java:719)org.testng.internal.Invoker.invokeTestMethods(Invoker.java:989)org.testng.internal.TestMethodWorker.invokeTestMethods(TestMethodWorker.java:125)org.testng.internal.TestMethodWorker.run(TestMethodWorker.java:109)org.testng.TestRunner.privateRun(TestRunner.java:648)org.testng.TestRunner.run(TestRunner.java:505)org.testng.SuiteRunner.runTest(SuiteRunner.java:455)org.testng.SuiteRunner.runSequentially(SuiteRunner.java:450)org.testng.SuiteRunner.privateRun(SuiteRunner.java:415)org.testng.SuiteRunner.run(SuiteRunner.java:364)org.testng.SuiteRunnerWorker.runSuite(SuiteRunnerWorker.java:52)org.testng.SuiteRunnerWorker.run(SuiteRunnerWorker.java:84)org.testng.TestNG.runSuitesSequentially(TestNG.java:1208)org.testng.TestNG.runSuitesLocally(TestNG.java:1137)org.testng.TestNG.runSuites(TestNG.java:1049)org.testng.TestNG.run(TestNG.java:1017)com.intellij.rt.testng.IDEARemoteTestNG.run(IDEARemoteTestNG.java:66)com.intellij.rt.testng.RemoteTestNGStarter.main(RemoteTestNGStarter.java:109)
                ]]>
            </failure>
    </testcase>


</testsuite>
