<?xml version="1.0" encoding="UTF-8"?>
<testsuite name="paydi"
           tests="2"
           failures="1"
           errors="0"
           skipped="1"
           time="8.865">
    <properties></properties>

            <testcase
                name="Android_Setup"
                time="8.865"
                classname="TestBase">

            <failure type="org.openqa.selenium.SessionNotCreatedException" message="Unable to create a new remote session. Please check the server log for more details. Original error: An unknown server-side error occurred while processing the command. Original error: Could not proxy command to the remote server. Original error: socket hang up
Build info: version: &apos;3.141.59&apos;, revision: &apos;e82be7d358&apos;, time: &apos;2018-11-14T08:17:03&apos;
System info: host: &apos;DESKTOP-D91J9RN&apos;, ip: &apos;192.168.1.12&apos;, os.name: &apos;Windows 10&apos;, os.arch: &apos;amd64&apos;, os.version: &apos;10.0&apos;, java.version: &apos;1.8.0_332&apos;
Driver info: driver.version: AppiumDriver
remote stacktrace: UnknownError: An unknown server-side error occurred while processing the command. Original error: Could not proxy command to the remote server. Original error: socket hang up
    at UIA2Proxy.command (C:\Users\hieut\AppData\Local\Programs\Appium Server GUI\resources\app\node_modules\appium\node_modules\appium-base-driver\lib\jsonwp-proxy\proxy.js:274:13)
    at processTicksAndRejections (internal/process/task_queues.js:85:5)
Build info: version: &apos;3.141.59&apos;, revision: &apos;e82be7d358&apos;, time: &apos;2018-11-14T08:17:03&apos;
System info: host: &apos;DESKTOP-D91J9RN&apos;, ip: &apos;192.168.1.12&apos;, os.name: &apos;Windows 10&apos;, os.arch: &apos;amd64&apos;, os.version: &apos;10.0&apos;, java.version: &apos;1.8.0_332&apos;
Driver info: driver.version: AppiumDriver">
                <![CDATA[org.openqa.selenium.SessionNotCreatedException: Unable to create a new remote session. Please check the server log for more details. Original error: An unknown server-side error occurred while processing the command. Original error: Could not proxy command to the remote server. Original error: socket hang up
Build info: version: '3.141.59', revision: 'e82be7d358', time: '2018-11-14T08:17:03'
System info: host: 'DESKTOP-D91J9RN', ip: '192.168.1.12', os.name: 'Windows 10', os.arch: 'amd64', os.version: '10.0', java.version: '1.8.0_332'
Driver info: driver.version: AppiumDriver
remote stacktrace: UnknownError: An unknown server-side error occurred while processing the command. Original error: Could not proxy command to the remote server. Original error: socket hang up
    at UIA2Proxy.command (C:\Users\hieut\AppData\Local\Programs\Appium Server GUI\resources\app\node_modules\appium\node_modules\appium-base-driver\lib\jsonwp-proxy\proxy.js:274:13)
    at processTicksAndRejections (internal/process/task_queues.js:85:5)
Build info: version: '3.141.59', revision: 'e82be7d358', time: '2018-11-14T08:17:03'
System info: host: 'DESKTOP-D91J9RN', ip: '192.168.1.12', os.name: 'Windows 10', os.arch: 'amd64', os.version: '10.0', java.version: '1.8.0_332'
Driver info: driver.version: AppiumDriver
                io.appium.java_client.remote.AppiumCommandExecutor$1.createSession(AppiumCommandExecutor.java:208)io.appium.java_client.remote.AppiumCommandExecutor.createSession(AppiumCommandExecutor.java:217)io.appium.java_client.remote.AppiumCommandExecutor.execute(AppiumCommandExecutor.java:239)org.openqa.selenium.remote.RemoteWebDriver.execute(RemoteWebDriver.java:552)io.appium.java_client.DefaultGenericMobileDriver.execute(DefaultGenericMobileDriver.java:42)io.appium.java_client.AppiumDriver.execute(AppiumDriver.java:1)org.openqa.selenium.remote.RemoteWebDriver.startSession(RemoteWebDriver.java:213)org.openqa.selenium.remote.RemoteWebDriver.<init>(RemoteWebDriver.java:131)io.appium.java_client.DefaultGenericMobileDriver.<init>(DefaultGenericMobileDriver.java:38)io.appium.java_client.AppiumDriver.<init>(AppiumDriver.java:84)io.appium.java_client.AppiumDriver.<init>(AppiumDriver.java:94)TestBase.Android_Setup(TestBase.java:23)sun.reflect.NativeMethodAccessorImpl.invoke0(Native Method)sun.reflect.NativeMethodAccessorImpl.invoke(NativeMethodAccessorImpl.java:62)sun.reflect.DelegatingMethodAccessorImpl.invoke(DelegatingMethodAccessorImpl.java:43)java.lang.reflect.Method.invoke(Method.java:498)org.testng.internal.MethodInvocationHelper.invokeMethod(MethodInvocationHelper.java:124)org.testng.internal.MethodInvocationHelper.invokeMethodConsideringTimeout(MethodInvocationHelper.java:59)org.testng.internal.Invoker.invokeConfigurationMethod(Invoker.java:458)org.testng.internal.Invoker.invokeConfigurations(Invoker.java:222)org.testng.internal.Invoker.invokeConfigurations(Invoker.java:142)org.testng.TestRunner.beforeRun(TestRunner.java:529)org.testng.TestRunner.run(TestRunner.java:497)org.testng.SuiteRunner.runTest(SuiteRunner.java:455)org.testng.SuiteRunner.runSequentially(SuiteRunner.java:450)org.testng.SuiteRunner.privateRun(SuiteRunner.java:415)org.testng.SuiteRunner.run(SuiteRunner.java:364)org.testng.SuiteRunnerWorker.runSuite(SuiteRunnerWorker.java:52)org.testng.SuiteRunnerWorker.run(SuiteRunnerWorker.java:84)org.testng.TestNG.runSuitesSequentially(TestNG.java:1208)org.testng.TestNG.runSuitesLocally(TestNG.java:1137)org.testng.TestNG.runSuites(TestNG.java:1049)org.testng.TestNG.run(TestNG.java:1017)com.intellij.rt.testng.IDEARemoteTestNG.run(IDEARemoteTestNG.java:66)com.intellij.rt.testng.RemoteTestNGStarter.main(RemoteTestNGStarter.java:109)
                    Caused by: java.lang.reflect.InvocationTargetException
                    sun.reflect.NativeMethodAccessorImpl.invoke0(Native Method)sun.reflect.NativeMethodAccessorImpl.invoke(NativeMethodAccessorImpl.java:62)sun.reflect.DelegatingMethodAccessorImpl.invoke(DelegatingMethodAccessorImpl.java:43)java.lang.reflect.Method.invoke(Method.java:498)io.appium.java_client.remote.AppiumCommandExecutor$1.createSession(AppiumCommandExecutor.java:186)io.appium.java_client.remote.AppiumCommandExecutor.createSession(AppiumCommandExecutor.java:217)io.appium.java_client.remote.AppiumCommandExecutor.execute(AppiumCommandExecutor.java:239)org.openqa.selenium.remote.RemoteWebDriver.execute(RemoteWebDriver.java:552)io.appium.java_client.DefaultGenericMobileDriver.execute(DefaultGenericMobileDriver.java:42)io.appium.java_client.AppiumDriver.execute(AppiumDriver.java:1)org.openqa.selenium.remote.RemoteWebDriver.startSession(RemoteWebDriver.java:213)org.openqa.selenium.remote.RemoteWebDriver.<init>(RemoteWebDriver.java:131)io.appium.java_client.DefaultGenericMobileDriver.<init>(DefaultGenericMobileDriver.java:38)io.appium.java_client.AppiumDriver.<init>(AppiumDriver.java:84)io.appium.java_client.AppiumDriver.<init>(AppiumDriver.java:94)TestBase.Android_Setup(TestBase.java:23)sun.reflect.NativeMethodAccessorImpl.invoke0(Native Method)sun.reflect.NativeMethodAccessorImpl.invoke(NativeMethodAccessorImpl.java:62)sun.reflect.DelegatingMethodAccessorImpl.invoke(DelegatingMethodAccessorImpl.java:43)java.lang.reflect.Method.invoke(Method.java:498)org.testng.internal.MethodInvocationHelper.invokeMethod(MethodInvocationHelper.java:124)org.testng.internal.MethodInvocationHelper.invokeMethodConsideringTimeout(MethodInvocationHelper.java:59)org.testng.internal.Invoker.invokeConfigurationMethod(Invoker.java:458)org.testng.internal.Invoker.invokeConfigurations(Invoker.java:222)org.testng.internal.Invoker.invokeConfigurations(Invoker.java:142)org.testng.TestRunner.beforeRun(TestRunner.java:529)org.testng.TestRunner.run(TestRunner.java:497)org.testng.SuiteRunner.runTest(SuiteRunner.java:455)org.testng.SuiteRunner.runSequentially(SuiteRunner.java:450)org.testng.SuiteRunner.privateRun(SuiteRunner.java:415)org.testng.SuiteRunner.run(SuiteRunner.java:364)org.testng.SuiteRunnerWorker.runSuite(SuiteRunnerWorker.java:52)org.testng.SuiteRunnerWorker.run(SuiteRunnerWorker.java:84)org.testng.TestNG.runSuitesSequentially(TestNG.java:1208)org.testng.TestNG.runSuitesLocally(TestNG.java:1137)org.testng.TestNG.runSuites(TestNG.java:1049)org.testng.TestNG.run(TestNG.java:1017)com.intellij.rt.testng.IDEARemoteTestNG.run(IDEARemoteTestNG.java:66)com.intellij.rt.testng.RemoteTestNGStarter.main(RemoteTestNGStarter.java:109)
                                    Caused by: org.openqa.selenium.WebDriverException: An unknown server-side error occurred while processing the command. Original error: Could not proxy command to the remote server. Original error: socket hang up
Build info: version: '3.141.59', revision: 'e82be7d358', time: '2018-11-14T08:17:03'
System info: host: 'DESKTOP-D91J9RN', ip: '192.168.1.12', os.name: 'Windows 10', os.arch: 'amd64', os.version: '10.0', java.version: '1.8.0_332'
Driver info: driver.version: AppiumDriver
remote stacktrace: UnknownError: An unknown server-side error occurred while processing the command. Original error: Could not proxy command to the remote server. Original error: socket hang up
    at UIA2Proxy.command (C:\Users\hieut\AppData\Local\Programs\Appium Server GUI\resources\app\node_modules\appium\node_modules\appium-base-driver\lib\jsonwp-proxy\proxy.js:274:13)
    at processTicksAndRejections (internal/process/task_queues.js:85:5)
                    sun.reflect.NativeConstructorAccessorImpl.newInstance0(Native Method)sun.reflect.NativeConstructorAccessorImpl.newInstance(NativeConstructorAccessorImpl.java:62)sun.reflect.DelegatingConstructorAccessorImpl.newInstance(DelegatingConstructorAccessorImpl.java:45)java.lang.reflect.Constructor.newInstance(Constructor.java:423)org.openqa.selenium.remote.W3CHandshakeResponse.lambda$errorHandler$0(W3CHandshakeResponse.java:62)org.openqa.selenium.remote.HandshakeResponse.lambda$getResponseFunction$0(HandshakeResponse.java:30)org.openqa.selenium.remote.ProtocolHandshake.lambda$createSession$0(ProtocolHandshake.java:126)java.util.stream.ReferencePipeline$3$1.accept(ReferencePipeline.java:193)java.util.Spliterators$ArraySpliterator.tryAdvance(Spliterators.java:958)java.util.stream.ReferencePipeline.forEachWithCancel(ReferencePipeline.java:126)java.util.stream.AbstractPipeline.copyIntoWithCancel(AbstractPipeline.java:499)java.util.stream.AbstractPipeline.copyInto(AbstractPipeline.java:486)java.util.stream.AbstractPipeline.wrapAndCopyInto(AbstractPipeline.java:472)java.util.stream.FindOps$FindOp.evaluateSequential(FindOps.java:152)java.util.stream.AbstractPipeline.evaluate(AbstractPipeline.java:234)java.util.stream.ReferencePipeline.findFirst(ReferencePipeline.java:531)org.openqa.selenium.remote.ProtocolHandshake.createSession(ProtocolHandshake.java:128)sun.reflect.NativeMethodAccessorImpl.invoke0(Native Method)sun.reflect.NativeMethodAccessorImpl.invoke(NativeMethodAccessorImpl.java:62)sun.reflect.DelegatingMethodAccessorImpl.invoke(DelegatingMethodAccessorImpl.java:43)java.lang.reflect.Method.invoke(Method.java:498)io.appium.java_client.remote.AppiumCommandExecutor$1.createSession(AppiumCommandExecutor.java:186)io.appium.java_client.remote.AppiumCommandExecutor.createSession(AppiumCommandExecutor.java:217)io.appium.java_client.remote.AppiumCommandExecutor.execute(AppiumCommandExecutor.java:239)org.openqa.selenium.remote.RemoteWebDriver.execute(RemoteWebDriver.java:552)io.appium.java_client.DefaultGenericMobileDriver.execute(DefaultGenericMobileDriver.java:42)io.appium.java_client.AppiumDriver.execute(AppiumDriver.java:1)org.openqa.selenium.remote.RemoteWebDriver.startSession(RemoteWebDriver.java:213)org.openqa.selenium.remote.RemoteWebDriver.<init>(RemoteWebDriver.java:131)io.appium.java_client.DefaultGenericMobileDriver.<init>(DefaultGenericMobileDriver.java:38)io.appium.java_client.AppiumDriver.<init>(AppiumDriver.java:84)io.appium.java_client.AppiumDriver.<init>(AppiumDriver.java:94)TestBase.Android_Setup(TestBase.java:23)sun.reflect.NativeMethodAccessorImpl.invoke0(Native Method)sun.reflect.NativeMethodAccessorImpl.invoke(NativeMethodAccessorImpl.java:62)sun.reflect.DelegatingMethodAccessorImpl.invoke(DelegatingMethodAccessorImpl.java:43)java.lang.reflect.Method.invoke(Method.java:498)org.testng.internal.MethodInvocationHelper.invokeMethod(MethodInvocationHelper.java:124)org.testng.internal.MethodInvocationHelper.invokeMethodConsideringTimeout(MethodInvocationHelper.java:59)org.testng.internal.Invoker.invokeConfigurationMethod(Invoker.java:458)org.testng.internal.Invoker.invokeConfigurations(Invoker.java:222)org.testng.internal.Invoker.invokeConfigurations(Invoker.java:142)org.testng.TestRunner.beforeRun(TestRunner.java:529)org.testng.TestRunner.run(TestRunner.java:497)org.testng.SuiteRunner.runTest(SuiteRunner.java:455)org.testng.SuiteRunner.runSequentially(SuiteRunner.java:450)org.testng.SuiteRunner.privateRun(SuiteRunner.java:415)org.testng.SuiteRunner.run(SuiteRunner.java:364)org.testng.SuiteRunnerWorker.runSuite(SuiteRunnerWorker.java:52)org.testng.SuiteRunnerWorker.run(SuiteRunnerWorker.java:84)org.testng.TestNG.runSuitesSequentially(TestNG.java:1208)org.testng.TestNG.runSuitesLocally(TestNG.java:1137)org.testng.TestNG.runSuites(TestNG.java:1049)org.testng.TestNG.run(TestNG.java:1017)com.intellij.rt.testng.IDEARemoteTestNG.run(IDEARemoteTestNG.java:66)com.intellij.rt.testng.RemoteTestNGStarter.main(RemoteTestNGStarter.java:109)
                ]]>
            </failure>
    </testcase>

            <testcase
                name="tearDown"
                time="0.0"
                classname="TestBase">
            </testcase>

</testsuite>
